{"C:\\Users\\admin\\Documents\\avans\\blok 11\\cloud\\CloudServicesSam_Timo\\kroegen-api\\util\\index.js":{"path":"C:\\Users\\admin\\Documents\\avans\\blok 11\\cloud\\CloudServicesSam_Timo\\kroegen-api\\util\\index.js","s":{"1":1,"2":0,"3":0,"4":0,"5":0},"b":{"1":[0,0]},"f":{"1":0,"2":0},"fnMap":{"1":{"name":"(anonymous_1)","line":2,"loc":{"start":{"line":2,"column":11},"end":{"line":2,"column":24}}},"2":{"name":"(anonymous_2)","line":6,"loc":{"start":{"line":6,"column":18},"end":{"line":6,"column":43}}}},"statementMap":{"1":{"start":{"line":1,"column":0},"end":{"line":11,"column":2}},"2":{"start":{"line":3,"column":2},"end":{"line":3,"column":32}},"3":{"start":{"line":8,"column":2},"end":{"line":8,"column":30}},"4":{"start":{"line":8,"column":16},"end":{"line":8,"column":30}},"5":{"start":{"line":9,"column":2},"end":{"line":9,"column":39}}},"branchMap":{"1":{"line":8,"type":"if","locations":[{"start":{"line":8,"column":2},"end":{"line":8,"column":2}},{"start":{"line":8,"column":2},"end":{"line":8,"column":2}}]}}},"C:\\Users\\admin\\Documents\\avans\\blok 11\\cloud\\CloudServicesSam_Timo\\kroegen-api\\models\\race.js":{"path":"C:\\Users\\admin\\Documents\\avans\\blok 11\\cloud\\CloudServicesSam_Timo\\kroegen-api\\models\\race.js","s":{"1":1,"2":1,"3":1,"4":1,"5":1,"6":1,"7":1,"8":1,"9":1,"10":1},"b":{},"f":{"1":1},"fnMap":{"1":{"name":"init","line":1,"loc":{"start":{"line":1,"column":0},"end":{"line":1,"column":23}}}},"statementMap":{"1":{"start":{"line":1,"column":0},"end":{"line":24,"column":1}},"2":{"start":{"line":2,"column":1},"end":{"line":2,"column":40}},"3":{"start":{"line":6,"column":1},"end":{"line":6,"column":27}},"4":{"start":{"line":7,"column":1},"end":{"line":7,"column":42}},"5":{"start":{"line":9,"column":1},"end":{"line":9,"column":35}},"6":{"start":{"line":10,"column":1},"end":{"line":10,"column":50}},"7":{"start":{"line":12,"column":1},"end":{"line":12,"column":28}},"8":{"start":{"line":13,"column":1},"end":{"line":22,"column":4}},"9":{"start":{"line":23,"column":1},"end":{"line":23,"column":30}},"10":{"start":{"line":26,"column":0},"end":{"line":26,"column":22}}},"branchMap":{}},"C:\\Users\\admin\\Documents\\avans\\blok 11\\cloud\\CloudServicesSam_Timo\\kroegen-api\\models\\user.js":{"path":"C:\\Users\\admin\\Documents\\avans\\blok 11\\cloud\\CloudServicesSam_Timo\\kroegen-api\\models\\user.js","s":{"1":1,"2":1,"3":1,"4":1,"5":1,"6":1,"7":1,"8":1},"b":{},"f":{"1":1},"fnMap":{"1":{"name":"init","line":1,"loc":{"start":{"line":1,"column":0},"end":{"line":1,"column":23}}}},"statementMap":{"1":{"start":{"line":1,"column":0},"end":{"line":28,"column":1}},"2":{"start":{"line":2,"column":1},"end":{"line":2,"column":41}},"3":{"start":{"line":4,"column":1},"end":{"line":4,"column":28}},"4":{"start":{"line":5,"column":1},"end":{"line":22,"column":4}},"5":{"start":{"line":24,"column":1},"end":{"line":24,"column":64}},"6":{"start":{"line":25,"column":1},"end":{"line":25,"column":36}},"7":{"start":{"line":27,"column":1},"end":{"line":27,"column":37}},"8":{"start":{"line":30,"column":0},"end":{"line":30,"column":22}}},"branchMap":{}},"C:\\Users\\admin\\Documents\\avans\\blok 11\\cloud\\CloudServicesSam_Timo\\kroegen-api\\models\\fillTestData.js":{"path":"C:\\Users\\admin\\Documents\\avans\\blok 11\\cloud\\CloudServicesSam_Timo\\kroegen-api\\models\\fillTestData.js","s":{"1":1,"2":1,"3":0,"4":0,"5":1,"6":1,"7":1,"8":1,"9":0,"10":0,"11":0,"12":1,"13":1,"14":0,"15":1,"16":0,"17":0,"18":0,"19":0,"20":0,"21":0,"22":0,"23":0,"24":0,"25":1,"26":1,"27":1,"28":1},"b":{"1":[0,0],"2":[0,1],"3":[0,1],"4":[0,0],"5":[0,0]},"f":{"1":0,"2":1,"3":1,"4":0,"5":0,"6":0,"7":0,"8":1},"fnMap":{"1":{"name":"saveCallback","line":3,"loc":{"start":{"line":3,"column":0},"end":{"line":3,"column":26}}},"2":{"name":"fillTestRace","line":10,"loc":{"start":{"line":10,"column":0},"end":{"line":10,"column":31}}},"3":{"name":"(anonymous_3)","line":19,"loc":{"start":{"line":19,"column":15},"end":{"line":19,"column":34}}},"4":{"name":"(anonymous_4)","line":23,"loc":{"start":{"line":23,"column":20},"end":{"line":23,"column":34}}},"5":{"name":"fillTestUser","line":32,"loc":{"start":{"line":32,"column":0},"end":{"line":32,"column":31}}},"6":{"name":"(anonymous_6)","line":52,"loc":{"start":{"line":52,"column":15},"end":{"line":52,"column":34}}},"7":{"name":"(anonymous_7)","line":56,"loc":{"start":{"line":56,"column":20},"end":{"line":56,"column":34}}},"8":{"name":"(anonymous_8)","line":65,"loc":{"start":{"line":65,"column":17},"end":{"line":65,"column":35}}}},"statementMap":{"1":{"start":{"line":1,"column":0},"end":{"line":1,"column":15}},"2":{"start":{"line":3,"column":0},"end":{"line":7,"column":1}},"3":{"start":{"line":4,"column":1},"end":{"line":6,"column":2}},"4":{"start":{"line":5,"column":2},"end":{"line":5,"column":54}},"5":{"start":{"line":10,"column":0},"end":{"line":30,"column":1}},"6":{"start":{"line":11,"column":1},"end":{"line":17,"column":3}},"7":{"start":{"line":19,"column":1},"end":{"line":29,"column":4}},"8":{"start":{"line":20,"column":2},"end":{"line":26,"column":73}},"9":{"start":{"line":21,"column":3},"end":{"line":21,"column":42}},"10":{"start":{"line":23,"column":3},"end":{"line":25,"column":6}},"11":{"start":{"line":24,"column":4},"end":{"line":24,"column":38}},"12":{"start":{"line":26,"column":9},"end":{"line":26,"column":73}},"13":{"start":{"line":28,"column":2},"end":{"line":28,"column":26}},"14":{"start":{"line":28,"column":15},"end":{"line":28,"column":26}},"15":{"start":{"line":32,"column":0},"end":{"line":63,"column":1}},"16":{"start":{"line":33,"column":1},"end":{"line":50,"column":3}},"17":{"start":{"line":52,"column":1},"end":{"line":62,"column":4}},"18":{"start":{"line":53,"column":2},"end":{"line":59,"column":73}},"19":{"start":{"line":54,"column":3},"end":{"line":54,"column":42}},"20":{"start":{"line":56,"column":3},"end":{"line":58,"column":6}},"21":{"start":{"line":57,"column":4},"end":{"line":57,"column":38}},"22":{"start":{"line":59,"column":9},"end":{"line":59,"column":73}},"23":{"start":{"line":61,"column":2},"end":{"line":61,"column":26}},"24":{"start":{"line":61,"column":15},"end":{"line":61,"column":26}},"25":{"start":{"line":65,"column":0},"end":{"line":71,"column":1}},"26":{"start":{"line":66,"column":1},"end":{"line":66,"column":31}},"27":{"start":{"line":67,"column":1},"end":{"line":67,"column":31}},"28":{"start":{"line":69,"column":1},"end":{"line":69,"column":16}}},"branchMap":{"1":{"line":4,"type":"if","locations":[{"start":{"line":4,"column":1},"end":{"line":4,"column":1}},{"start":{"line":4,"column":1},"end":{"line":4,"column":1}}]},"2":{"line":20,"type":"if","locations":[{"start":{"line":20,"column":2},"end":{"line":20,"column":2}},{"start":{"line":20,"column":2},"end":{"line":20,"column":2}}]},"3":{"line":28,"type":"if","locations":[{"start":{"line":28,"column":2},"end":{"line":28,"column":2}},{"start":{"line":28,"column":2},"end":{"line":28,"column":2}}]},"4":{"line":53,"type":"if","locations":[{"start":{"line":53,"column":2},"end":{"line":53,"column":2}},{"start":{"line":53,"column":2},"end":{"line":53,"column":2}}]},"5":{"line":61,"type":"if","locations":[{"start":{"line":61,"column":2},"end":{"line":61,"column":2}},{"start":{"line":61,"column":2},"end":{"line":61,"column":2}}]}}},"C:\\Users\\admin\\Documents\\avans\\blok 11\\cloud\\CloudServicesSam_Timo\\kroegen-api\\routes\\races.js":{"path":"C:\\Users\\admin\\Documents\\avans\\blok 11\\cloud\\CloudServicesSam_Timo\\kroegen-api\\routes\\races.js","s":{"1":1,"2":1,"3":1,"4":1,"5":1,"6":1,"7":1,"8":1,"9":1,"10":1,"11":0,"12":1,"13":0,"14":1,"15":1,"16":1,"17":0,"18":1,"19":0,"20":1,"21":1,"22":0,"23":0,"24":0,"25":0,"26":0,"27":0,"28":0,"29":0,"30":0,"31":1,"32":0,"33":0,"34":0,"35":0,"36":0,"37":0,"38":0,"39":0,"40":0,"41":0,"42":0,"43":0,"44":1,"45":0,"46":0,"47":0,"48":0,"49":0,"50":0,"51":0,"52":0,"53":0,"54":1,"55":0,"56":0,"57":0,"58":0,"59":0,"60":0,"61":0,"62":0,"63":0,"64":1,"65":0,"66":0,"67":0,"68":0,"69":0,"70":0,"71":0,"72":0,"73":0,"74":0,"75":0,"76":0,"77":1,"78":0,"79":0,"80":0,"81":0,"82":0,"83":0,"84":0,"85":0,"86":0,"87":0,"88":1,"89":0,"90":0,"91":0,"92":0,"93":0,"94":0,"95":0,"96":0,"97":0,"98":0,"99":1,"100":0,"101":0,"102":0,"103":0,"104":0,"105":0,"106":0,"107":0,"108":0,"109":0,"110":1,"111":0,"112":0,"113":0,"114":0,"115":0,"116":0,"117":0,"118":0,"119":0,"120":0,"121":1,"122":0,"123":0,"124":0,"125":0,"126":0,"127":0,"128":0,"129":0,"130":0,"131":1,"132":1,"133":1,"134":1,"135":1,"136":1,"137":1,"138":1,"139":1,"140":1,"141":1,"142":1,"143":1,"144":1,"145":1,"146":1,"147":1,"148":1,"149":1,"150":1,"151":1,"152":1,"153":1,"154":1,"155":1,"156":1},"b":{"1":[0,1],"2":[0,1],"3":[0,1],"4":[0,1],"5":[0,0],"6":[0,0],"7":[0,0],"8":[0,0],"9":[0,0],"10":[0,0],"11":[0,0],"12":[0,0],"13":[0,0],"14":[0,0],"15":[0,0],"16":[0,0],"17":[0,0],"18":[0,0],"19":[0,0],"20":[0,0],"21":[0,0],"22":[0,0],"23":[0,0],"24":[0,0],"25":[0,0],"26":[0,0],"27":[0,0],"28":[0,0],"29":[0,0],"30":[0,0],"31":[0,0],"32":[0,0],"33":[0,0],"34":[0,0],"35":[0,0]},"f":{"1":1,"2":1,"3":0,"4":0,"5":0,"6":0,"7":0,"8":0,"9":0,"10":0,"11":0,"12":0,"13":0,"14":0,"15":0,"16":0,"17":0,"18":0,"19":0,"20":0,"21":0,"22":0,"23":0,"24":0,"25":1},"fnMap":{"1":{"name":"getRaces","line":11,"loc":{"start":{"line":11,"column":0},"end":{"line":11,"column":27}}},"2":{"name":"(anonymous_2)","line":18,"loc":{"start":{"line":18,"column":13},"end":{"line":18,"column":32}}},"3":{"name":"getUsers","line":26,"loc":{"start":{"line":26,"column":0},"end":{"line":26,"column":27}}},"4":{"name":"(anonymous_4)","line":31,"loc":{"start":{"line":31,"column":18},"end":{"line":31,"column":37}}},"5":{"name":"addRace","line":39,"loc":{"start":{"line":39,"column":0},"end":{"line":39,"column":26}}},"6":{"name":"(anonymous_6)","line":42,"loc":{"start":{"line":42,"column":28},"end":{"line":42,"column":47}}},"7":{"name":"(anonymous_7)","line":48,"loc":{"start":{"line":48,"column":13},"end":{"line":48,"column":37}}},"8":{"name":"(anonymous_8)","line":55,"loc":{"start":{"line":55,"column":6},"end":{"line":55,"column":26}}},"9":{"name":"updateRace","line":68,"loc":{"start":{"line":68,"column":0},"end":{"line":68,"column":29}}},"10":{"name":"(anonymous_10)","line":80,"loc":{"start":{"line":80,"column":2},"end":{"line":80,"column":22}}},"11":{"name":"updateRaceName","line":87,"loc":{"start":{"line":87,"column":0},"end":{"line":87,"column":33}}},"12":{"name":"(anonymous_12)","line":96,"loc":{"start":{"line":96,"column":2},"end":{"line":96,"column":22}}},"13":{"name":"addRacePub","line":103,"loc":{"start":{"line":103,"column":0},"end":{"line":103,"column":29}}},"14":{"name":"(anonymous_14)","line":116,"loc":{"start":{"line":116,"column":2},"end":{"line":116,"column":22}}},"15":{"name":"joinRace","line":122,"loc":{"start":{"line":122,"column":0},"end":{"line":122,"column":27}}},"16":{"name":"(anonymous_16)","line":132,"loc":{"start":{"line":132,"column":2},"end":{"line":132,"column":22}}},"17":{"name":"leaveRace","line":139,"loc":{"start":{"line":139,"column":0},"end":{"line":139,"column":28}}},"18":{"name":"(anonymous_18)","line":148,"loc":{"start":{"line":148,"column":2},"end":{"line":148,"column":22}}},"19":{"name":"updateRaceStartDate","line":156,"loc":{"start":{"line":156,"column":0},"end":{"line":156,"column":38}}},"20":{"name":"(anonymous_20)","line":168,"loc":{"start":{"line":168,"column":2},"end":{"line":168,"column":22}}},"21":{"name":"updateRaceEndDate","line":175,"loc":{"start":{"line":175,"column":0},"end":{"line":175,"column":36}}},"22":{"name":"(anonymous_22)","line":192,"loc":{"start":{"line":192,"column":2},"end":{"line":192,"column":22}}},"23":{"name":"removeRace","line":202,"loc":{"start":{"line":202,"column":0},"end":{"line":202,"column":29}}},"24":{"name":"(anonymous_24)","line":209,"loc":{"start":{"line":209,"column":2},"end":{"line":209,"column":21}}},"25":{"name":"(anonymous_25)","line":277,"loc":{"start":{"line":277,"column":17},"end":{"line":277,"column":49}}}},"statementMap":{"1":{"start":{"line":1,"column":0},"end":{"line":1,"column":33}},"2":{"start":{"line":2,"column":0},"end":{"line":2,"column":35}},"3":{"start":{"line":3,"column":0},"end":{"line":3,"column":30}},"4":{"start":{"line":4,"column":0},"end":{"line":4,"column":36}},"5":{"start":{"line":5,"column":0},"end":{"line":5,"column":9}},"6":{"start":{"line":6,"column":0},"end":{"line":6,"column":9}},"7":{"start":{"line":7,"column":0},"end":{"line":7,"column":16}},"8":{"start":{"line":11,"column":0},"end":{"line":24,"column":1}},"9":{"start":{"line":12,"column":1},"end":{"line":12,"column":16}},"10":{"start":{"line":13,"column":1},"end":{"line":14,"column":55}},"11":{"start":{"line":13,"column":19},"end":{"line":13,"column":45}},"12":{"start":{"line":14,"column":6},"end":{"line":14,"column":55}},"13":{"start":{"line":14,"column":26},"end":{"line":14,"column":55}},"14":{"start":{"line":16,"column":1},"end":{"line":16,"column":31}},"15":{"start":{"line":18,"column":1},"end":{"line":23,"column":4}},"16":{"start":{"line":19,"column":2},"end":{"line":19,"column":49}},"17":{"start":{"line":19,"column":10},"end":{"line":19,"column":49}},"18":{"start":{"line":21,"column":2},"end":{"line":21,"column":35}},"19":{"start":{"line":21,"column":20},"end":{"line":21,"column":35}},"20":{"start":{"line":22,"column":2},"end":{"line":22,"column":17}},"21":{"start":{"line":26,"column":0},"end":{"line":35,"column":1}},"22":{"start":{"line":27,"column":1},"end":{"line":27,"column":16}},"23":{"start":{"line":28,"column":1},"end":{"line":29,"column":63}},"24":{"start":{"line":28,"column":19},"end":{"line":28,"column":52}},"25":{"start":{"line":29,"column":6},"end":{"line":29,"column":63}},"26":{"start":{"line":29,"column":26},"end":{"line":29,"column":63}},"27":{"start":{"line":31,"column":1},"end":{"line":34,"column":4}},"28":{"start":{"line":32,"column":2},"end":{"line":33,"column":34}},"29":{"start":{"line":32,"column":11},"end":{"line":32,"column":50}},"30":{"start":{"line":33,"column":7},"end":{"line":33,"column":34}},"31":{"start":{"line":39,"column":0},"end":{"line":64,"column":1}},"32":{"start":{"line":40,"column":1},"end":{"line":40,"column":31}},"33":{"start":{"line":42,"column":1},"end":{"line":63,"column":4}},"34":{"start":{"line":43,"column":2},"end":{"line":62,"column":57}},"35":{"start":{"line":44,"column":3},"end":{"line":47,"column":6}},"36":{"start":{"line":48,"column":3},"end":{"line":61,"column":6}},"37":{"start":{"line":49,"column":4},"end":{"line":60,"column":5}},"38":{"start":{"line":49,"column":13},"end":{"line":49,"column":52}},"39":{"start":{"line":51,"column":5},"end":{"line":59,"column":7}},"40":{"start":{"line":56,"column":7},"end":{"line":57,"column":44}},"41":{"start":{"line":56,"column":15},"end":{"line":56,"column":54}},"42":{"start":{"line":57,"column":12},"end":{"line":57,"column":44}},"43":{"start":{"line":62,"column":8},"end":{"line":62,"column":57}},"44":{"start":{"line":68,"column":0},"end":{"line":85,"column":1}},"45":{"start":{"line":69,"column":1},"end":{"line":69,"column":16}},"46":{"start":{"line":70,"column":1},"end":{"line":71,"column":55}},"47":{"start":{"line":70,"column":19},"end":{"line":70,"column":45}},"48":{"start":{"line":71,"column":6},"end":{"line":71,"column":55}},"49":{"start":{"line":71,"column":26},"end":{"line":71,"column":55}},"50":{"start":{"line":73,"column":1},"end":{"line":84,"column":3}},"51":{"start":{"line":81,"column":3},"end":{"line":82,"column":35}},"52":{"start":{"line":81,"column":12},"end":{"line":81,"column":51}},"53":{"start":{"line":82,"column":8},"end":{"line":82,"column":35}},"54":{"start":{"line":87,"column":0},"end":{"line":101,"column":1}},"55":{"start":{"line":88,"column":1},"end":{"line":88,"column":16}},"56":{"start":{"line":89,"column":1},"end":{"line":90,"column":61}},"57":{"start":{"line":89,"column":19},"end":{"line":89,"column":45}},"58":{"start":{"line":90,"column":6},"end":{"line":90,"column":61}},"59":{"start":{"line":90,"column":29},"end":{"line":90,"column":61}},"60":{"start":{"line":92,"column":1},"end":{"line":100,"column":3}},"61":{"start":{"line":97,"column":3},"end":{"line":98,"column":35}},"62":{"start":{"line":97,"column":12},"end":{"line":97,"column":51}},"63":{"start":{"line":98,"column":8},"end":{"line":98,"column":35}},"64":{"start":{"line":103,"column":0},"end":{"line":120,"column":1}},"65":{"start":{"line":104,"column":1},"end":{"line":104,"column":16}},"66":{"start":{"line":105,"column":1},"end":{"line":106,"column":55}},"67":{"start":{"line":105,"column":19},"end":{"line":105,"column":45}},"68":{"start":{"line":106,"column":6},"end":{"line":106,"column":55}},"69":{"start":{"line":106,"column":26},"end":{"line":106,"column":55}},"70":{"start":{"line":108,"column":1},"end":{"line":108,"column":17}},"71":{"start":{"line":109,"column":1},"end":{"line":110,"column":62}},"72":{"start":{"line":109,"column":22},"end":{"line":109,"column":51}},"73":{"start":{"line":110,"column":6},"end":{"line":110,"column":62}},"74":{"start":{"line":110,"column":29},"end":{"line":110,"column":62}},"75":{"start":{"line":112,"column":1},"end":{"line":119,"column":3}},"76":{"start":{"line":117,"column":3},"end":{"line":117,"column":30}},"77":{"start":{"line":122,"column":0},"end":{"line":137,"column":1}},"78":{"start":{"line":123,"column":1},"end":{"line":123,"column":18}},"79":{"start":{"line":124,"column":1},"end":{"line":125,"column":57}},"80":{"start":{"line":124,"column":19},"end":{"line":124,"column":46}},"81":{"start":{"line":125,"column":6},"end":{"line":125,"column":57}},"82":{"start":{"line":125,"column":26},"end":{"line":125,"column":57}},"83":{"start":{"line":126,"column":1},"end":{"line":126,"column":21}},"84":{"start":{"line":128,"column":1},"end":{"line":136,"column":3}},"85":{"start":{"line":133,"column":3},"end":{"line":134,"column":35}},"86":{"start":{"line":133,"column":11},"end":{"line":133,"column":50}},"87":{"start":{"line":134,"column":8},"end":{"line":134,"column":35}},"88":{"start":{"line":139,"column":0},"end":{"line":154,"column":1}},"89":{"start":{"line":140,"column":1},"end":{"line":140,"column":18}},"90":{"start":{"line":141,"column":1},"end":{"line":142,"column":57}},"91":{"start":{"line":141,"column":19},"end":{"line":141,"column":46}},"92":{"start":{"line":142,"column":6},"end":{"line":142,"column":57}},"93":{"start":{"line":142,"column":26},"end":{"line":142,"column":57}},"94":{"start":{"line":144,"column":1},"end":{"line":153,"column":3}},"95":{"start":{"line":149,"column":3},"end":{"line":149,"column":20}},"96":{"start":{"line":150,"column":3},"end":{"line":151,"column":35}},"97":{"start":{"line":150,"column":11},"end":{"line":150,"column":50}},"98":{"start":{"line":151,"column":8},"end":{"line":151,"column":35}},"99":{"start":{"line":156,"column":0},"end":{"line":173,"column":1}},"100":{"start":{"line":157,"column":1},"end":{"line":157,"column":16}},"101":{"start":{"line":158,"column":1},"end":{"line":159,"column":55}},"102":{"start":{"line":158,"column":19},"end":{"line":158,"column":45}},"103":{"start":{"line":159,"column":6},"end":{"line":159,"column":55}},"104":{"start":{"line":159,"column":26},"end":{"line":159,"column":55}},"105":{"start":{"line":162,"column":1},"end":{"line":162,"column":23}},"106":{"start":{"line":164,"column":1},"end":{"line":172,"column":3}},"107":{"start":{"line":169,"column":3},"end":{"line":170,"column":35}},"108":{"start":{"line":169,"column":11},"end":{"line":169,"column":50}},"109":{"start":{"line":170,"column":8},"end":{"line":170,"column":35}},"110":{"start":{"line":175,"column":0},"end":{"line":198,"column":1}},"111":{"start":{"line":176,"column":1},"end":{"line":176,"column":16}},"112":{"start":{"line":177,"column":1},"end":{"line":178,"column":55}},"113":{"start":{"line":177,"column":19},"end":{"line":177,"column":45}},"114":{"start":{"line":178,"column":6},"end":{"line":178,"column":55}},"115":{"start":{"line":178,"column":26},"end":{"line":178,"column":55}},"116":{"start":{"line":181,"column":1},"end":{"line":181,"column":23}},"117":{"start":{"line":187,"column":1},"end":{"line":196,"column":3}},"118":{"start":{"line":193,"column":3},"end":{"line":194,"column":35}},"119":{"start":{"line":193,"column":11},"end":{"line":193,"column":50}},"120":{"start":{"line":194,"column":8},"end":{"line":194,"column":35}},"121":{"start":{"line":202,"column":0},"end":{"line":214,"column":1}},"122":{"start":{"line":203,"column":1},"end":{"line":203,"column":16}},"123":{"start":{"line":204,"column":1},"end":{"line":205,"column":55}},"124":{"start":{"line":204,"column":19},"end":{"line":204,"column":45}},"125":{"start":{"line":205,"column":6},"end":{"line":205,"column":55}},"126":{"start":{"line":205,"column":26},"end":{"line":205,"column":55}},"127":{"start":{"line":207,"column":1},"end":{"line":213,"column":3}},"128":{"start":{"line":210,"column":3},"end":{"line":210,"column":53}},"129":{"start":{"line":210,"column":12},"end":{"line":210,"column":51}},"130":{"start":{"line":211,"column":3},"end":{"line":211,"column":53}},"131":{"start":{"line":216,"column":0},"end":{"line":216,"column":32}},"132":{"start":{"line":218,"column":0},"end":{"line":220,"column":43}},"133":{"start":{"line":222,"column":0},"end":{"line":223,"column":40}},"134":{"start":{"line":225,"column":0},"end":{"line":226,"column":15}},"135":{"start":{"line":228,"column":0},"end":{"line":229,"column":37}},"136":{"start":{"line":231,"column":0},"end":{"line":232,"column":38}},"137":{"start":{"line":234,"column":0},"end":{"line":235,"column":43}},"138":{"start":{"line":237,"column":0},"end":{"line":238,"column":48}},"139":{"start":{"line":240,"column":0},"end":{"line":241,"column":46}},"140":{"start":{"line":243,"column":0},"end":{"line":244,"column":39}},"141":{"start":{"line":246,"column":0},"end":{"line":248,"column":43}},"142":{"start":{"line":250,"column":0},"end":{"line":251,"column":37}},"143":{"start":{"line":253,"column":0},"end":{"line":254,"column":40}},"144":{"start":{"line":256,"column":0},"end":{"line":257,"column":15}},"145":{"start":{"line":259,"column":0},"end":{"line":260,"column":37}},"146":{"start":{"line":262,"column":0},"end":{"line":263,"column":38}},"147":{"start":{"line":265,"column":0},"end":{"line":266,"column":43}},"148":{"start":{"line":268,"column":0},"end":{"line":269,"column":48}},"149":{"start":{"line":271,"column":0},"end":{"line":272,"column":46}},"150":{"start":{"line":274,"column":0},"end":{"line":275,"column":39}},"151":{"start":{"line":277,"column":0},"end":{"line":283,"column":2}},"152":{"start":{"line":278,"column":1},"end":{"line":278,"column":50}},"153":{"start":{"line":279,"column":1},"end":{"line":279,"column":31}},"154":{"start":{"line":280,"column":1},"end":{"line":280,"column":31}},"155":{"start":{"line":281,"column":1},"end":{"line":281,"column":27}},"156":{"start":{"line":282,"column":1},"end":{"line":282,"column":15}}},"branchMap":{"1":{"line":13,"type":"if","locations":[{"start":{"line":13,"column":1},"end":{"line":13,"column":1}},{"start":{"line":13,"column":1},"end":{"line":13,"column":1}}]},"2":{"line":14,"type":"if","locations":[{"start":{"line":14,"column":6},"end":{"line":14,"column":6}},{"start":{"line":14,"column":6},"end":{"line":14,"column":6}}]},"3":{"line":19,"type":"if","locations":[{"start":{"line":19,"column":2},"end":{"line":19,"column":2}},{"start":{"line":19,"column":2},"end":{"line":19,"column":2}}]},"4":{"line":21,"type":"if","locations":[{"start":{"line":21,"column":2},"end":{"line":21,"column":2}},{"start":{"line":21,"column":2},"end":{"line":21,"column":2}}]},"5":{"line":28,"type":"if","locations":[{"start":{"line":28,"column":1},"end":{"line":28,"column":1}},{"start":{"line":28,"column":1},"end":{"line":28,"column":1}}]},"6":{"line":29,"type":"if","locations":[{"start":{"line":29,"column":6},"end":{"line":29,"column":6}},{"start":{"line":29,"column":6},"end":{"line":29,"column":6}}]},"7":{"line":32,"type":"if","locations":[{"start":{"line":32,"column":2},"end":{"line":32,"column":2}},{"start":{"line":32,"column":2},"end":{"line":32,"column":2}}]},"8":{"line":43,"type":"if","locations":[{"start":{"line":43,"column":2},"end":{"line":43,"column":2}},{"start":{"line":43,"column":2},"end":{"line":43,"column":2}}]},"9":{"line":49,"type":"if","locations":[{"start":{"line":49,"column":4},"end":{"line":49,"column":4}},{"start":{"line":49,"column":4},"end":{"line":49,"column":4}}]},"10":{"line":56,"type":"if","locations":[{"start":{"line":56,"column":7},"end":{"line":56,"column":7}},{"start":{"line":56,"column":7},"end":{"line":56,"column":7}}]},"11":{"line":70,"type":"if","locations":[{"start":{"line":70,"column":1},"end":{"line":70,"column":1}},{"start":{"line":70,"column":1},"end":{"line":70,"column":1}}]},"12":{"line":71,"type":"if","locations":[{"start":{"line":71,"column":6},"end":{"line":71,"column":6}},{"start":{"line":71,"column":6},"end":{"line":71,"column":6}}]},"13":{"line":81,"type":"if","locations":[{"start":{"line":81,"column":3},"end":{"line":81,"column":3}},{"start":{"line":81,"column":3},"end":{"line":81,"column":3}}]},"14":{"line":89,"type":"if","locations":[{"start":{"line":89,"column":1},"end":{"line":89,"column":1}},{"start":{"line":89,"column":1},"end":{"line":89,"column":1}}]},"15":{"line":90,"type":"if","locations":[{"start":{"line":90,"column":6},"end":{"line":90,"column":6}},{"start":{"line":90,"column":6},"end":{"line":90,"column":6}}]},"16":{"line":97,"type":"if","locations":[{"start":{"line":97,"column":3},"end":{"line":97,"column":3}},{"start":{"line":97,"column":3},"end":{"line":97,"column":3}}]},"17":{"line":105,"type":"if","locations":[{"start":{"line":105,"column":1},"end":{"line":105,"column":1}},{"start":{"line":105,"column":1},"end":{"line":105,"column":1}}]},"18":{"line":106,"type":"if","locations":[{"start":{"line":106,"column":6},"end":{"line":106,"column":6}},{"start":{"line":106,"column":6},"end":{"line":106,"column":6}}]},"19":{"line":109,"type":"if","locations":[{"start":{"line":109,"column":1},"end":{"line":109,"column":1}},{"start":{"line":109,"column":1},"end":{"line":109,"column":1}}]},"20":{"line":110,"type":"if","locations":[{"start":{"line":110,"column":6},"end":{"line":110,"column":6}},{"start":{"line":110,"column":6},"end":{"line":110,"column":6}}]},"21":{"line":124,"type":"if","locations":[{"start":{"line":124,"column":1},"end":{"line":124,"column":1}},{"start":{"line":124,"column":1},"end":{"line":124,"column":1}}]},"22":{"line":125,"type":"if","locations":[{"start":{"line":125,"column":6},"end":{"line":125,"column":6}},{"start":{"line":125,"column":6},"end":{"line":125,"column":6}}]},"23":{"line":133,"type":"if","locations":[{"start":{"line":133,"column":3},"end":{"line":133,"column":3}},{"start":{"line":133,"column":3},"end":{"line":133,"column":3}}]},"24":{"line":141,"type":"if","locations":[{"start":{"line":141,"column":1},"end":{"line":141,"column":1}},{"start":{"line":141,"column":1},"end":{"line":141,"column":1}}]},"25":{"line":142,"type":"if","locations":[{"start":{"line":142,"column":6},"end":{"line":142,"column":6}},{"start":{"line":142,"column":6},"end":{"line":142,"column":6}}]},"26":{"line":150,"type":"if","locations":[{"start":{"line":150,"column":3},"end":{"line":150,"column":3}},{"start":{"line":150,"column":3},"end":{"line":150,"column":3}}]},"27":{"line":158,"type":"if","locations":[{"start":{"line":158,"column":1},"end":{"line":158,"column":1}},{"start":{"line":158,"column":1},"end":{"line":158,"column":1}}]},"28":{"line":159,"type":"if","locations":[{"start":{"line":159,"column":6},"end":{"line":159,"column":6}},{"start":{"line":159,"column":6},"end":{"line":159,"column":6}}]},"29":{"line":169,"type":"if","locations":[{"start":{"line":169,"column":3},"end":{"line":169,"column":3}},{"start":{"line":169,"column":3},"end":{"line":169,"column":3}}]},"30":{"line":177,"type":"if","locations":[{"start":{"line":177,"column":1},"end":{"line":177,"column":1}},{"start":{"line":177,"column":1},"end":{"line":177,"column":1}}]},"31":{"line":178,"type":"if","locations":[{"start":{"line":178,"column":6},"end":{"line":178,"column":6}},{"start":{"line":178,"column":6},"end":{"line":178,"column":6}}]},"32":{"line":193,"type":"if","locations":[{"start":{"line":193,"column":3},"end":{"line":193,"column":3}},{"start":{"line":193,"column":3},"end":{"line":193,"column":3}}]},"33":{"line":204,"type":"if","locations":[{"start":{"line":204,"column":1},"end":{"line":204,"column":1}},{"start":{"line":204,"column":1},"end":{"line":204,"column":1}}]},"34":{"line":205,"type":"if","locations":[{"start":{"line":205,"column":6},"end":{"line":205,"column":6}},{"start":{"line":205,"column":6},"end":{"line":205,"column":6}}]},"35":{"line":210,"type":"if","locations":[{"start":{"line":210,"column":3},"end":{"line":210,"column":3}},{"start":{"line":210,"column":3},"end":{"line":210,"column":3}}]}}}}