TN:
SF:C:\Users\admin\Documents\avans\blok 11\cloud\CloudServicesSam_Timo\kroegen-api\routes\races.js
FN:11,getRaces
FN:18,(anonymous_2)
FN:26,getUsers
FN:31,(anonymous_4)
FN:39,addRace
FN:42,(anonymous_6)
FN:48,(anonymous_7)
FN:55,(anonymous_8)
FN:68,updateRace
FN:80,(anonymous_10)
FN:87,updateRaceName
FN:96,(anonymous_12)
FN:103,addRacePub
FN:116,(anonymous_14)
FN:122,joinRace
FN:132,(anonymous_16)
FN:139,leaveRace
FN:148,(anonymous_18)
FN:156,updateRaceStartDate
FN:168,(anonymous_20)
FN:175,updateRaceEndDate
FN:192,(anonymous_22)
FN:202,removeRace
FN:209,(anonymous_24)
FN:277,(anonymous_25)
FNF:25
FNH:1
FNDA:0,getRaces
FNDA:0,(anonymous_2)
FNDA:0,getUsers
FNDA:0,(anonymous_4)
FNDA:0,addRace
FNDA:0,(anonymous_6)
FNDA:0,(anonymous_7)
FNDA:0,(anonymous_8)
FNDA:0,updateRace
FNDA:0,(anonymous_10)
FNDA:0,updateRaceName
FNDA:0,(anonymous_12)
FNDA:0,addRacePub
FNDA:0,(anonymous_14)
FNDA:0,joinRace
FNDA:0,(anonymous_16)
FNDA:0,leaveRace
FNDA:0,(anonymous_18)
FNDA:0,updateRaceStartDate
FNDA:0,(anonymous_20)
FNDA:0,updateRaceEndDate
FNDA:0,(anonymous_22)
FNDA:0,removeRace
FNDA:0,(anonymous_24)
FNDA:1,(anonymous_25)
DA:1,1
DA:2,1
DA:3,1
DA:4,1
DA:5,1
DA:6,1
DA:7,1
DA:11,1
DA:12,0
DA:13,0
DA:14,0
DA:16,0
DA:18,0
DA:19,0
DA:21,0
DA:22,0
DA:26,1
DA:27,0
DA:28,0
DA:29,0
DA:31,0
DA:32,0
DA:33,0
DA:39,1
DA:40,0
DA:42,0
DA:43,0
DA:44,0
DA:48,0
DA:49,0
DA:51,0
DA:56,0
DA:57,0
DA:62,0
DA:68,1
DA:69,0
DA:70,0
DA:71,0
DA:73,0
DA:81,0
DA:82,0
DA:87,1
DA:88,0
DA:89,0
DA:90,0
DA:92,0
DA:97,0
DA:98,0
DA:103,1
DA:104,0
DA:105,0
DA:106,0
DA:108,0
DA:109,0
DA:110,0
DA:112,0
DA:117,0
DA:122,1
DA:123,0
DA:124,0
DA:125,0
DA:126,0
DA:128,0
DA:133,0
DA:134,0
DA:139,1
DA:140,0
DA:141,0
DA:142,0
DA:144,0
DA:149,0
DA:150,0
DA:151,0
DA:156,1
DA:157,0
DA:158,0
DA:159,0
DA:162,0
DA:164,0
DA:169,0
DA:170,0
DA:175,1
DA:176,0
DA:177,0
DA:178,0
DA:181,0
DA:187,0
DA:193,0
DA:194,0
DA:202,1
DA:203,0
DA:204,0
DA:205,0
DA:207,0
DA:210,0
DA:211,0
DA:216,1
DA:218,1
DA:222,1
DA:225,1
DA:228,1
DA:231,1
DA:234,1
DA:237,1
DA:240,1
DA:243,1
DA:246,1
DA:250,1
DA:253,1
DA:256,1
DA:259,1
DA:262,1
DA:265,1
DA:268,1
DA:271,1
DA:274,1
DA:277,1
DA:278,1
DA:279,1
DA:280,0
DA:281,0
DA:282,0
LF:122
LH:41
BRDA:13,1,0,0
BRDA:13,1,1,0
BRDA:14,2,0,0
BRDA:14,2,1,0
BRDA:19,3,0,0
BRDA:19,3,1,0
BRDA:21,4,0,0
BRDA:21,4,1,0
BRDA:28,5,0,0
BRDA:28,5,1,0
BRDA:29,6,0,0
BRDA:29,6,1,0
BRDA:32,7,0,0
BRDA:32,7,1,0
BRDA:43,8,0,0
BRDA:43,8,1,0
BRDA:49,9,0,0
BRDA:49,9,1,0
BRDA:56,10,0,0
BRDA:56,10,1,0
BRDA:70,11,0,0
BRDA:70,11,1,0
BRDA:71,12,0,0
BRDA:71,12,1,0
BRDA:81,13,0,0
BRDA:81,13,1,0
BRDA:89,14,0,0
BRDA:89,14,1,0
BRDA:90,15,0,0
BRDA:90,15,1,0
BRDA:97,16,0,0
BRDA:97,16,1,0
BRDA:105,17,0,0
BRDA:105,17,1,0
BRDA:106,18,0,0
BRDA:106,18,1,0
BRDA:109,19,0,0
BRDA:109,19,1,0
BRDA:110,20,0,0
BRDA:110,20,1,0
BRDA:124,21,0,0
BRDA:124,21,1,0
BRDA:125,22,0,0
BRDA:125,22,1,0
BRDA:133,23,0,0
BRDA:133,23,1,0
BRDA:141,24,0,0
BRDA:141,24,1,0
BRDA:142,25,0,0
BRDA:142,25,1,0
BRDA:150,26,0,0
BRDA:150,26,1,0
BRDA:158,27,0,0
BRDA:158,27,1,0
BRDA:159,28,0,0
BRDA:159,28,1,0
BRDA:169,29,0,0
BRDA:169,29,1,0
BRDA:177,30,0,0
BRDA:177,30,1,0
BRDA:178,31,0,0
BRDA:178,31,1,0
BRDA:193,32,0,0
BRDA:193,32,1,0
BRDA:204,33,0,0
BRDA:204,33,1,0
BRDA:205,34,0,0
BRDA:205,34,1,0
BRDA:210,35,0,0
BRDA:210,35,1,0
BRF:70
BRH:0
end_of_record
TN:
SF:C:\Users\admin\Documents\avans\blok 11\cloud\CloudServicesSam_Timo\kroegen-api\util\index.js
FN:2,(anonymous_1)
FN:6,(anonymous_2)
FNF:2
FNH:0
FNDA:0,(anonymous_1)
FNDA:0,(anonymous_2)
DA:1,1
DA:3,0
DA:8,0
DA:9,0
LF:4
LH:1
BRDA:8,1,0,0
BRDA:8,1,1,0
BRF:2
BRH:0
end_of_record
